  [1m[36m (51.3ms)[0m  [1mCREATE TABLE `schema_migrations` (`version` varchar(255) NOT NULL) ENGINE=InnoDB[0m
  [1m[35m (142.4ms)[0m  CREATE UNIQUE INDEX `unique_schema_migrations`  ON `schema_migrations` (`version`) 
  [1m[36mActiveRecord::SchemaMigration Load (0.1ms)[0m  [1mSELECT `schema_migrations`.* FROM `schema_migrations`[0m
Migrating to CreateUsers (20141014183645)
  [1m[35m (81.0ms)[0m  CREATE TABLE `users` (`id` int(11) auto_increment PRIMARY KEY, `name` varchar(255), `email` varchar(255), `created_at` datetime NOT NULL, `updated_at` datetime NOT NULL) ENGINE=InnoDB
  [1m[36m (0.1ms)[0m  [1mBEGIN[0m
  [1m[35mSQL (0.2ms)[0m  INSERT INTO `schema_migrations` (`version`) VALUES ('20141014183645')
  [1m[36m (28.8ms)[0m  [1mCOMMIT[0m
Migrating to AddIndexToUsersEmail (20141014205756)
  [1m[35m (108.5ms)[0m  CREATE UNIQUE INDEX `index_users_on_email`  ON `users` (`email`) 
  [1m[36m (0.1ms)[0m  [1mBEGIN[0m
  [1m[35mSQL (0.1ms)[0m  INSERT INTO `schema_migrations` (`version`) VALUES ('20141014205756')
  [1m[36m (32.5ms)[0m  [1mCOMMIT[0m
Migrating to ActsAsFollowerMigration (20160304092019)
DEPRECATION WARNING: `#timestamp` was called without specifying an option for `null`. In Rails 5, this behavior will change to `null: false`. You should manually specify `null: true` to prevent the behavior of your existing migrations from changing. (called from block in up at /home/ravendra/workspace/openstack_tutorial/db/migrate/20160304092019_acts_as_follower_migration.rb:7)
  [1m[35m (82.3ms)[0m  CREATE TABLE `follows` (`id` int(11) auto_increment PRIMARY KEY, `followable_id` int(11) NOT NULL, `followable_type` varchar(255) NOT NULL, `follower_id` int(11) NOT NULL, `follower_type` varchar(255) NOT NULL, `blocked` tinyint(1) DEFAULT 0 NOT NULL, `created_at` datetime, `updated_at` datetime) ENGINE=InnoDB
  [1m[36m (109.9ms)[0m  [1mCREATE  INDEX `fk_follows`  ON `follows` (`follower_id`, `follower_type`) [0m
  [1m[35m (100.7ms)[0m  CREATE  INDEX `fk_followables`  ON `follows` (`followable_id`, `followable_type`) 
  [1m[36m (0.1ms)[0m  [1mBEGIN[0m
  [1m[35mSQL (0.1ms)[0m  INSERT INTO `schema_migrations` (`version`) VALUES ('20160304092019')
  [1m[36m (24.4ms)[0m  [1mCOMMIT[0m
Migrating to CreatePosts (20160304092747)
  [1m[35m (58.0ms)[0m  CREATE TABLE `posts` (`id` int(11) auto_increment PRIMARY KEY, `post_message` varchar(255), `user_id` int(11), `created_at` datetime NOT NULL, `updated_at` datetime NOT NULL) ENGINE=InnoDB
  [1m[36m (0.1ms)[0m  [1mBEGIN[0m
  [1m[35mSQL (0.1ms)[0m  INSERT INTO `schema_migrations` (`version`) VALUES ('20160304092747')
  [1m[36m (32.5ms)[0m  [1mCOMMIT[0m
Migrating to CreateComments (20160304093120)
DEPRECATION WARNING: `#timestamp` was called without specifying an option for `null`. In Rails 5, this behavior will change to `null: false`. You should manually specify `null: true` to prevent the behavior of your existing migrations from changing. (called from block in up at /home/ravendra/workspace/openstack_tutorial/db/migrate/20160304093120_create_comments.rb:9)
  [1m[35m (66.0ms)[0m  CREATE TABLE `comments` (`id` int(11) auto_increment PRIMARY KEY, `title` varchar(50) DEFAULT '', `comment` text, `commentable_id` int(11), `commentable_type` varchar(255), `user_id` int(11), `role` varchar(255) DEFAULT 'comments', `created_at` datetime, `updated_at` datetime) ENGINE=InnoDB
  [1m[36m (117.0ms)[0m  [1mCREATE  INDEX `index_comments_on_commentable_type`  ON `comments` (`commentable_type`) [0m
  [1m[35m (125.5ms)[0m  CREATE  INDEX `index_comments_on_commentable_id`  ON `comments` (`commentable_id`) 
  [1m[36m (233.7ms)[0m  [1mCREATE  INDEX `index_comments_on_user_id`  ON `comments` (`user_id`) [0m
  [1m[35m (0.1ms)[0m  BEGIN
  [1m[36mSQL (0.2ms)[0m  [1mINSERT INTO `schema_migrations` (`version`) VALUES ('20160304093120')[0m
  [1m[35m (76.0ms)[0m  COMMIT
Migrating to AddTitleToPosts (20160307072618)
  [1m[36m (125.9ms)[0m  [1mALTER TABLE `posts` ADD `title` varchar(255)[0m
  [1m[35m (0.1ms)[0m  BEGIN
  [1m[36mSQL (0.1ms)[0m  [1mINSERT INTO `schema_migrations` (`version`) VALUES ('20160307072618')[0m
  [1m[35m (24.0ms)[0m  COMMIT
Migrating to ChangeColumnsTypeTypeInPost (20160307073201)
  [1m[36m (184.3ms)[0m  [1mALTER TABLE `posts` CHANGE `post_message` `post_message` text DEFAULT NULL[0m
  [1m[35m (0.1ms)[0m  BEGIN
  [1m[36mSQL (0.1ms)[0m  [1mINSERT INTO `schema_migrations` (`version`) VALUES ('20160307073201')[0m
  [1m[35m (32.3ms)[0m  COMMIT
Migrating to ActsAsVotableMigration (20160308091333)
DEPRECATION WARNING: `#timestamp` was called without specifying an option for `null`. In Rails 5, this behavior will change to `null: false`. You should manually specify `null: true` to prevent the behavior of your existing migrations from changing. (called from block in up at /home/ravendra/workspace/openstack_tutorial/db/migrate/20160308091333_acts_as_votable_migration.rb:12)
  [1m[36m (82.8ms)[0m  [1mCREATE TABLE `votes` (`id` int(11) auto_increment PRIMARY KEY, `votable_id` int(11), `votable_type` varchar(255), `voter_id` int(11), `voter_type` varchar(255), `vote_flag` tinyint(1), `vote_scope` varchar(255), `vote_weight` int(11), `created_at` datetime, `updated_at` datetime) ENGINE=InnoDB[0m
  [1m[35m (117.0ms)[0m  CREATE  INDEX `index_votes_on_voter_id_and_voter_type_and_vote_scope`  ON `votes` (`voter_id`, `voter_type`, `vote_scope`) 
  [1m[36m (100.6ms)[0m  [1mCREATE  INDEX `index_votes_on_votable_id_and_votable_type_and_vote_scope`  ON `votes` (`votable_id`, `votable_type`, `vote_scope`) [0m
  [1m[35m (0.1ms)[0m  BEGIN
  [1m[36mSQL (0.2ms)[0m  [1mINSERT INTO `schema_migrations` (`version`) VALUES ('20160308091333')[0m
  [1m[35m (24.3ms)[0m  COMMIT
  [1m[36mActiveRecord::SchemaMigration Load (0.2ms)[0m  [1mSELECT `schema_migrations`.* FROM `schema_migrations`[0m
  [1m[35m (0.2ms)[0m  SELECT fk.referenced_table_name as 'to_table'
      ,fk.referenced_column_name as 'primary_key'
      ,fk.column_name as 'column'
      ,fk.constraint_name as 'name'
FROM information_schema.key_column_usage fk
WHERE fk.referenced_column_name is not null
  AND fk.table_schema = 'openstack'
  AND fk.table_name = 'comments'

  [1m[36m (0.1ms)[0m  [1mSHOW CREATE TABLE `comments`[0m
  [1m[35m (0.2ms)[0m  SELECT fk.referenced_table_name as 'to_table'
      ,fk.referenced_column_name as 'primary_key'
      ,fk.column_name as 'column'
      ,fk.constraint_name as 'name'
FROM information_schema.key_column_usage fk
WHERE fk.referenced_column_name is not null
  AND fk.table_schema = 'openstack'
  AND fk.table_name = 'follows'

  [1m[36m (0.1ms)[0m  [1mSHOW CREATE TABLE `follows`[0m
  [1m[35m (0.2ms)[0m  SELECT fk.referenced_table_name as 'to_table'
      ,fk.referenced_column_name as 'primary_key'
      ,fk.column_name as 'column'
      ,fk.constraint_name as 'name'
FROM information_schema.key_column_usage fk
WHERE fk.referenced_column_name is not null
  AND fk.table_schema = 'openstack'
  AND fk.table_name = 'posts'

  [1m[36m (0.4ms)[0m  [1mSHOW CREATE TABLE `posts`[0m
  [1m[35m (0.2ms)[0m  SELECT fk.referenced_table_name as 'to_table'
      ,fk.referenced_column_name as 'primary_key'
      ,fk.column_name as 'column'
      ,fk.constraint_name as 'name'
FROM information_schema.key_column_usage fk
WHERE fk.referenced_column_name is not null
  AND fk.table_schema = 'openstack'
  AND fk.table_name = 'users'

  [1m[36m (0.5ms)[0m  [1mSHOW CREATE TABLE `users`[0m
  [1m[35m (0.2ms)[0m  SELECT fk.referenced_table_name as 'to_table'
      ,fk.referenced_column_name as 'primary_key'
      ,fk.column_name as 'column'
      ,fk.constraint_name as 'name'
FROM information_schema.key_column_usage fk
WHERE fk.referenced_column_name is not null
  AND fk.table_schema = 'openstack'
  AND fk.table_name = 'votes'

  [1m[36m (0.1ms)[0m  [1mSHOW CREATE TABLE `votes`[0m


Started GET "/" for 127.0.0.1 at 2016-03-08 17:05:48 +0530
  [1m[36mActiveRecord::SchemaMigration Load (0.1ms)[0m  [1mSELECT `schema_migrations`.* FROM `schema_migrations`[0m
Processing by HomeController#index as HTML
  [1m[35mPost Load (0.3ms)[0m  SELECT  `posts`.* FROM `posts`  ORDER BY created_at DESC LIMIT 10 OFFSET 0
  Rendered home/index.html.erb within layouts/application (3.8ms)
  Rendered layouts/_shim.html.erb (0.2ms)
  [1m[36mUser Load (0.2ms)[0m  [1mSELECT  `users`.* FROM `users` WHERE `users`.`id` = 9 LIMIT 1[0m
  Rendered layouts/_header.html.erb (8.6ms)
  Rendered layouts/_footer.html.erb (0.2ms)
Completed 200 OK in 373ms (Views: 357.5ms | ActiveRecord: 1.2ms)


Started GET "/" for 127.0.0.1 at 2016-03-08 17:05:48 +0530
Processing by HomeController#index as HTML
  [1m[35mPost Load (0.1ms)[0m  SELECT  `posts`.* FROM `posts`  ORDER BY created_at DESC LIMIT 10 OFFSET 0
  Rendered home/index.html.erb within layouts/application (0.6ms)
  Rendered layouts/_shim.html.erb (0.0ms)
  [1m[36mUser Load (0.2ms)[0m  [1mSELECT  `users`.* FROM `users` WHERE `users`.`id` = 9 LIMIT 1[0m
  Rendered layouts/_header.html.erb (0.9ms)
  Rendered layouts/_footer.html.erb (0.0ms)
Completed 200 OK in 32ms (Views: 30.6ms | ActiveRecord: 0.3ms)


Started GET "/login" for 127.0.0.1 at 2016-03-08 17:05:52 +0530
Processing by SessionsController#new as HTML
  Rendered sessions/new.html.erb within layouts/application (0.7ms)
  Rendered layouts/_shim.html.erb (0.2ms)
  [1m[35mUser Load (0.1ms)[0m  SELECT  `users`.* FROM `users` WHERE `users`.`id` = 9 LIMIT 1
  Rendered layouts/_header.html.erb (1.2ms)
  Rendered layouts/_footer.html.erb (0.2ms)
Completed 200 OK in 40ms (Views: 39.8ms | ActiveRecord: 0.1ms)


Started GET "/signup" for 127.0.0.1 at 2016-03-08 17:05:54 +0530
Processing by UsersController#new as HTML
  Rendered shared/_error_messages.html.erb (1.4ms)
  Rendered users/new.html.erb within layouts/application (160.8ms)
  Rendered layouts/_shim.html.erb (0.0ms)
  [1m[36mUser Load (0.1ms)[0m  [1mSELECT  `users`.* FROM `users` WHERE `users`.`id` = 9 LIMIT 1[0m
  Rendered layouts/_header.html.erb (0.9ms)
  Rendered layouts/_footer.html.erb (0.0ms)
Completed 200 OK in 197ms (Views: 194.0ms | ActiveRecord: 0.5ms)


Started POST "/users" for 127.0.0.1 at 2016-03-08 17:06:19 +0530
Processing by UsersController#create as HTML
  Parameters: {"utf8"=>"✓", "authenticity_token"=>"Wjj/nX6ZEtGW9WcJ0MPgRwYs44pqPGWpoQLxPoUYxze9mOyodah89uOhYgGNTLOZy2PB6eIgI7vadykODAjBZw==", "user"=>{"name"=>"arvind", "email"=>"arvind@gmail.com", "password"=>"[FILTERED]", "password_confirmation"=>"[FILTERED]"}, "commit"=>"Create my account"}
Completed 500 Internal Server Error in 63ms (ActiveRecord: 0.0ms)

NoMethodError (undefined method `password_digest=' for #<User:0x007ff3e5abc440>):
  app/controllers/users_controller.rb:20:in `create'


  Rendered /home/ravendra/.rvm/gems/ruby-2.2.2/gems/web-console-2.0.0.beta3/lib/action_dispatch/templates/rescues/_source.erb (3.6ms)
  Rendered /home/ravendra/.rvm/gems/ruby-2.2.2/gems/web-console-2.0.0.beta3/lib/action_dispatch/templates/rescues/_trace.html.erb (1.8ms)
  Rendered /home/ravendra/.rvm/gems/ruby-2.2.2/gems/web-console-2.0.0.beta3/lib/action_dispatch/templates/rescues/_request_and_response.html.erb (0.9ms)
  Rendered /home/ravendra/.rvm/gems/ruby-2.2.2/gems/web-console-2.0.0.beta3/lib/action_dispatch/templates/rescues/_web_console.html.erb (0.6ms)
  Rendered /home/ravendra/.rvm/gems/ruby-2.2.2/gems/web-console-2.0.0.beta3/lib/action_dispatch/templates/rescues/diagnostics.html.erb within rescues/layout (19.2ms)
  [1m[36mActiveRecord::SchemaMigration Load (0.1ms)[0m  [1mSELECT `schema_migrations`.* FROM `schema_migrations`[0m
Migrating to AddResetToUsers (20141107180258)
  [1m[35m (159.7ms)[0m  ALTER TABLE `users` ADD `reset_digest` varchar(255)
  [1m[36m (159.5ms)[0m  [1mALTER TABLE `users` ADD `reset_sent_at` datetime[0m
  [1m[35m (0.1ms)[0m  BEGIN
  [1m[36mSQL (0.1ms)[0m  [1mINSERT INTO `schema_migrations` (`version`) VALUES ('20141107180258')[0m
  [1m[35m (30.5ms)[0m  COMMIT
  [1m[36mActiveRecord::SchemaMigration Load (0.2ms)[0m  [1mSELECT `schema_migrations`.* FROM `schema_migrations`[0m
  [1m[35m (0.2ms)[0m  SELECT fk.referenced_table_name as 'to_table'
      ,fk.referenced_column_name as 'primary_key'
      ,fk.column_name as 'column'
      ,fk.constraint_name as 'name'
FROM information_schema.key_column_usage fk
WHERE fk.referenced_column_name is not null
  AND fk.table_schema = 'openstack'
  AND fk.table_name = 'comments'

  [1m[36m (0.1ms)[0m  [1mSHOW CREATE TABLE `comments`[0m
  [1m[35m (0.2ms)[0m  SELECT fk.referenced_table_name as 'to_table'
      ,fk.referenced_column_name as 'primary_key'
      ,fk.column_name as 'column'
      ,fk.constraint_name as 'name'
FROM information_schema.key_column_usage fk
WHERE fk.referenced_column_name is not null
  AND fk.table_schema = 'openstack'
  AND fk.table_name = 'follows'

  [1m[36m (0.1ms)[0m  [1mSHOW CREATE TABLE `follows`[0m
  [1m[35m (0.1ms)[0m  SELECT fk.referenced_table_name as 'to_table'
      ,fk.referenced_column_name as 'primary_key'
      ,fk.column_name as 'column'
      ,fk.constraint_name as 'name'
FROM information_schema.key_column_usage fk
WHERE fk.referenced_column_name is not null
  AND fk.table_schema = 'openstack'
  AND fk.table_name = 'posts'

  [1m[36m (0.1ms)[0m  [1mSHOW CREATE TABLE `posts`[0m
  [1m[35m (0.1ms)[0m  SELECT fk.referenced_table_name as 'to_table'
      ,fk.referenced_column_name as 'primary_key'
      ,fk.column_name as 'column'
      ,fk.constraint_name as 'name'
FROM information_schema.key_column_usage fk
WHERE fk.referenced_column_name is not null
  AND fk.table_schema = 'openstack'
  AND fk.table_name = 'users'

  [1m[36m (0.1ms)[0m  [1mSHOW CREATE TABLE `users`[0m
  [1m[35m (0.1ms)[0m  SELECT fk.referenced_table_name as 'to_table'
      ,fk.referenced_column_name as 'primary_key'
      ,fk.column_name as 'column'
      ,fk.constraint_name as 'name'
FROM information_schema.key_column_usage fk
WHERE fk.referenced_column_name is not null
  AND fk.table_schema = 'openstack'
  AND fk.table_name = 'votes'

  [1m[36m (0.1ms)[0m  [1mSHOW CREATE TABLE `votes`[0m


Started GET "/" for 127.0.0.1 at 2016-03-08 17:07:00 +0530
  [1m[36mActiveRecord::SchemaMigration Load (0.1ms)[0m  [1mSELECT `schema_migrations`.* FROM `schema_migrations`[0m
Processing by HomeController#index as HTML
  [1m[35mPost Load (0.1ms)[0m  SELECT  `posts`.* FROM `posts`  ORDER BY created_at DESC LIMIT 10 OFFSET 0
  Rendered home/index.html.erb within layouts/application (4.0ms)
  Rendered layouts/_shim.html.erb (0.5ms)
  [1m[36mUser Load (0.2ms)[0m  [1mSELECT  `users`.* FROM `users` WHERE `users`.`id` = 9 LIMIT 1[0m
  Rendered layouts/_header.html.erb (11.8ms)
  Rendered layouts/_footer.html.erb (0.3ms)
Completed 200 OK in 373ms (Views: 357.6ms | ActiveRecord: 1.2ms)


Started GET "/" for 127.0.0.1 at 2016-03-08 17:07:00 +0530
Processing by HomeController#index as HTML
  [1m[35mPost Load (0.1ms)[0m  SELECT  `posts`.* FROM `posts`  ORDER BY created_at DESC LIMIT 10 OFFSET 0
  Rendered home/index.html.erb within layouts/application (0.6ms)
  Rendered layouts/_shim.html.erb (0.0ms)
  [1m[36mUser Load (0.1ms)[0m  [1mSELECT  `users`.* FROM `users` WHERE `users`.`id` = 9 LIMIT 1[0m
  Rendered layouts/_header.html.erb (0.6ms)
  Rendered layouts/_footer.html.erb (0.0ms)
Completed 200 OK in 39ms (Views: 38.5ms | ActiveRecord: 0.3ms)


Started GET "/login" for 127.0.0.1 at 2016-03-08 17:07:02 +0530
Processing by SessionsController#new as HTML
  Rendered sessions/new.html.erb within layouts/application (0.9ms)
  Rendered layouts/_shim.html.erb (0.2ms)
  [1m[35mUser Load (0.1ms)[0m  SELECT  `users`.* FROM `users` WHERE `users`.`id` = 9 LIMIT 1
  Rendered layouts/_header.html.erb (0.9ms)
  Rendered layouts/_footer.html.erb (0.1ms)
Completed 200 OK in 54ms (Views: 53.9ms | ActiveRecord: 0.1ms)


Started GET "/signup" for 127.0.0.1 at 2016-03-08 17:07:03 +0530
Processing by UsersController#new as HTML
  Rendered shared/_error_messages.html.erb (1.4ms)
  Rendered users/new.html.erb within layouts/application (150.6ms)
  Rendered layouts/_shim.html.erb (0.1ms)
  [1m[36mUser Load (0.1ms)[0m  [1mSELECT  `users`.* FROM `users` WHERE `users`.`id` = 9 LIMIT 1[0m
  Rendered layouts/_header.html.erb (0.9ms)
  Rendered layouts/_footer.html.erb (0.0ms)
Completed 200 OK in 191ms (Views: 181.8ms | ActiveRecord: 1.4ms)


Started POST "/users" for 127.0.0.1 at 2016-03-08 17:07:19 +0530
Processing by UsersController#create as HTML
  Parameters: {"utf8"=>"✓", "authenticity_token"=>"PzD0W6hRDVZ7DHN64/LyMr1l0jIpkUuDHkvVsg5340TYkOduo2BjcQ5YdnK+faHscCrwUaGNDZFlPg2Ch2flFA==", "user"=>{"name"=>"arvind", "email"=>"arvind@gmail.com", "password"=>"[FILTERED]", "password_confirmation"=>"[FILTERED]"}, "commit"=>"Create my account"}
Completed 500 Internal Server Error in 64ms (ActiveRecord: 0.0ms)

NoMethodError (undefined method `password_digest=' for #<User:0x007f1141ee4c98>):
  app/controllers/users_controller.rb:20:in `create'


  Rendered /home/ravendra/.rvm/gems/ruby-2.2.2/gems/web-console-2.0.0.beta3/lib/action_dispatch/templates/rescues/_source.erb (3.8ms)
  Rendered /home/ravendra/.rvm/gems/ruby-2.2.2/gems/web-console-2.0.0.beta3/lib/action_dispatch/templates/rescues/_trace.html.erb (1.4ms)
  Rendered /home/ravendra/.rvm/gems/ruby-2.2.2/gems/web-console-2.0.0.beta3/lib/action_dispatch/templates/rescues/_request_and_response.html.erb (0.8ms)
  Rendered /home/ravendra/.rvm/gems/ruby-2.2.2/gems/web-console-2.0.0.beta3/lib/action_dispatch/templates/rescues/_web_console.html.erb (0.5ms)
  Rendered /home/ravendra/.rvm/gems/ruby-2.2.2/gems/web-console-2.0.0.beta3/lib/action_dispatch/templates/rescues/diagnostics.html.erb within rescues/layout (18.4ms)
  [1m[36mActiveRecord::SchemaMigration Load (0.1ms)[0m  [1mSELECT `schema_migrations`.* FROM `schema_migrations`[0m
Migrating to AddPasswordDigestToUsers (20141014234032)
  [1m[35m (183.9ms)[0m  ALTER TABLE `users` ADD `password_digest` varchar(255)
  [1m[36m (0.1ms)[0m  [1mBEGIN[0m
  [1m[35mSQL (0.2ms)[0m  INSERT INTO `schema_migrations` (`version`) VALUES ('20141014234032')
  [1m[36m (30.4ms)[0m  [1mCOMMIT[0m
Migrating to AddRememberDigestToUsers (20141030174712)
  [1m[35m (159.1ms)[0m  ALTER TABLE `users` ADD `remember_digest` varchar(255)
  [1m[36m (0.1ms)[0m  [1mBEGIN[0m
  [1m[35mSQL (0.1ms)[0m  INSERT INTO `schema_migrations` (`version`) VALUES ('20141030174712')
  [1m[36m (32.3ms)[0m  [1mCOMMIT[0m
Migrating to AddAdminToUsers (20141104004736)
  [1m[35m (202.9ms)[0m  ALTER TABLE `users` ADD `admin` tinyint(1) DEFAULT 0
  [1m[36m (0.1ms)[0m  [1mBEGIN[0m
  [1m[35mSQL (0.1ms)[0m  INSERT INTO `schema_migrations` (`version`) VALUES ('20141104004736')
  [1m[36m (38.6ms)[0m  [1mCOMMIT[0m
Migrating to AddActivationToUsers (20141106193737)
  [1m[35m (134.5ms)[0m  ALTER TABLE `users` ADD `activation_digest` varchar(255)
  [1m[36m (127.1ms)[0m  [1mALTER TABLE `users` ADD `activated` tinyint(1) DEFAULT 0[0m
  [1m[35m (167.9ms)[0m  ALTER TABLE `users` ADD `activated_at` datetime
  [1m[36m (0.1ms)[0m  [1mBEGIN[0m
  [1m[35mSQL (0.2ms)[0m  INSERT INTO `schema_migrations` (`version`) VALUES ('20141106193737')
  [1m[36m (32.3ms)[0m  [1mCOMMIT[0m
  [1m[35mActiveRecord::SchemaMigration Load (0.6ms)[0m  SELECT `schema_migrations`.* FROM `schema_migrations`
  [1m[36m (0.2ms)[0m  [1mSELECT fk.referenced_table_name as 'to_table'
      ,fk.referenced_column_name as 'primary_key'
      ,fk.column_name as 'column'
      ,fk.constraint_name as 'name'
FROM information_schema.key_column_usage fk
WHERE fk.referenced_column_name is not null
  AND fk.table_schema = 'openstack'
  AND fk.table_name = 'comments'
[0m
  [1m[35m (0.1ms)[0m  SHOW CREATE TABLE `comments`
  [1m[36m (0.1ms)[0m  [1mSELECT fk.referenced_table_name as 'to_table'
      ,fk.referenced_column_name as 'primary_key'
      ,fk.column_name as 'column'
      ,fk.constraint_name as 'name'
FROM information_schema.key_column_usage fk
WHERE fk.referenced_column_name is not null
  AND fk.table_schema = 'openstack'
  AND fk.table_name = 'follows'
[0m
  [1m[35m (0.1ms)[0m  SHOW CREATE TABLE `follows`
  [1m[36m (0.1ms)[0m  [1mSELECT fk.referenced_table_name as 'to_table'
      ,fk.referenced_column_name as 'primary_key'
      ,fk.column_name as 'column'
      ,fk.constraint_name as 'name'
FROM information_schema.key_column_usage fk
WHERE fk.referenced_column_name is not null
  AND fk.table_schema = 'openstack'
  AND fk.table_name = 'posts'
[0m
  [1m[35m (0.1ms)[0m  SHOW CREATE TABLE `posts`
  [1m[36m (0.1ms)[0m  [1mSELECT fk.referenced_table_name as 'to_table'
      ,fk.referenced_column_name as 'primary_key'
      ,fk.column_name as 'column'
      ,fk.constraint_name as 'name'
FROM information_schema.key_column_usage fk
WHERE fk.referenced_column_name is not null
  AND fk.table_schema = 'openstack'
  AND fk.table_name = 'users'
[0m
  [1m[35m (0.1ms)[0m  SHOW CREATE TABLE `users`
  [1m[36m (0.1ms)[0m  [1mSELECT fk.referenced_table_name as 'to_table'
      ,fk.referenced_column_name as 'primary_key'
      ,fk.column_name as 'column'
      ,fk.constraint_name as 'name'
FROM information_schema.key_column_usage fk
WHERE fk.referenced_column_name is not null
  AND fk.table_schema = 'openstack'
  AND fk.table_name = 'votes'
[0m
  [1m[35m (0.1ms)[0m  SHOW CREATE TABLE `votes`


Started GET "/" for 127.0.0.1 at 2016-03-08 17:08:16 +0530
  [1m[36mActiveRecord::SchemaMigration Load (0.1ms)[0m  [1mSELECT `schema_migrations`.* FROM `schema_migrations`[0m
Processing by HomeController#index as HTML
  [1m[35mPost Load (0.1ms)[0m  SELECT  `posts`.* FROM `posts`  ORDER BY created_at DESC LIMIT 10 OFFSET 0
  Rendered home/index.html.erb within layouts/application (4.0ms)
  Rendered layouts/_shim.html.erb (0.3ms)
  [1m[36mUser Load (0.2ms)[0m  [1mSELECT  `users`.* FROM `users` WHERE `users`.`id` = 9 LIMIT 1[0m
  Rendered layouts/_header.html.erb (9.6ms)
  Rendered layouts/_footer.html.erb (0.3ms)
Completed 200 OK in 358ms (Views: 343.1ms | ActiveRecord: 1.2ms)


Started GET "/" for 127.0.0.1 at 2016-03-08 17:08:16 +0530
Processing by HomeController#index as HTML
  [1m[35mPost Load (0.1ms)[0m  SELECT  `posts`.* FROM `posts`  ORDER BY created_at DESC LIMIT 10 OFFSET 0
  Rendered home/index.html.erb within layouts/application (0.6ms)
  Rendered layouts/_shim.html.erb (0.0ms)
  [1m[36mUser Load (0.1ms)[0m  [1mSELECT  `users`.* FROM `users` WHERE `users`.`id` = 9 LIMIT 1[0m
  Rendered layouts/_header.html.erb (0.7ms)
  Rendered layouts/_footer.html.erb (0.0ms)
Completed 200 OK in 31ms (Views: 29.6ms | ActiveRecord: 0.3ms)


Started GET "/login" for 127.0.0.1 at 2016-03-08 17:08:18 +0530
Processing by SessionsController#new as HTML
  Rendered sessions/new.html.erb within layouts/application (0.8ms)
  Rendered layouts/_shim.html.erb (0.2ms)
  [1m[35mUser Load (0.2ms)[0m  SELECT  `users`.* FROM `users` WHERE `users`.`id` = 9 LIMIT 1
  Rendered layouts/_header.html.erb (1.0ms)
  Rendered layouts/_footer.html.erb (0.2ms)
Completed 200 OK in 47ms (Views: 46.3ms | ActiveRecord: 0.2ms)


Started GET "/signup" for 127.0.0.1 at 2016-03-08 17:08:19 +0530
Processing by UsersController#new as HTML
  Rendered shared/_error_messages.html.erb (1.6ms)
  Rendered users/new.html.erb within layouts/application (166.4ms)
  Rendered layouts/_shim.html.erb (0.1ms)
  [1m[36mUser Load (0.1ms)[0m  [1mSELECT  `users`.* FROM `users` WHERE `users`.`id` = 9 LIMIT 1[0m
  Rendered layouts/_header.html.erb (0.8ms)
  Rendered layouts/_footer.html.erb (0.0ms)
Completed 200 OK in 203ms (Views: 197.4ms | ActiveRecord: 0.4ms)


Started POST "/users" for 127.0.0.1 at 2016-03-08 17:08:34 +0530
Processing by UsersController#create as HTML
  Parameters: {"utf8"=>"✓", "authenticity_token"=>"a8TeF+7qnXPGR5EwTpREso+EsAllIyiIlDI5MUQFeLOMZM0i5dvzVLMTlDgTGxdsQsuSau0/bprvR+EBzRV+4w==", "user"=>{"name"=>"arvind", "email"=>"arvind@gmail.com", "password"=>"[FILTERED]", "password_confirmation"=>"[FILTERED]"}, "commit"=>"Create my account"}
  [1m[35m (0.1ms)[0m  BEGIN
  [1m[36mUser Exists (0.2ms)[0m  [1mSELECT  1 AS one FROM `users` WHERE `users`.`email` = 'arvind@gmail.com' LIMIT 1[0m
  [1m[35mSQL (0.2ms)[0m  INSERT INTO `users` (`name`, `email`, `password_digest`, `activated`, `created_at`, `updated_at`, `activation_digest`) VALUES ('arvind', 'arvind@gmail.com', '$2a$10$e5nD0.9ag1RCNIuA2F9mFOzX5V7T25crTuO2Auhez2cJx4fUCFxaa', 1, '2016-03-08 11:38:34', '2016-03-08 11:38:34', '$2a$10$M7j7v2ZF52GSu6klWRgz/urq0aig0waQ.ly3OhLuzl3jdMRCtUh/q')
  [1m[36m (51.7ms)[0m  [1mCOMMIT[0m
  Rendered user_mailer/account_activation.html.erb within layouts/mailer (1.4ms)
  Rendered user_mailer/account_activation.text.erb within layouts/mailer (0.5ms)

UserMailer#account_activation: processed outbound mail in 113.8ms

Sent mail to arvind@gmail.com (5.7ms)
Date: Tue, 08 Mar 2016 17:08:35 +0530
From: noreply@example.com
To: arvind@gmail.com
Message-ID: <56deb9bb1d5fd_7c823fb3d57aa3f0167f9@ravendra-HP-ProDesk-400-G2-MT.mail>
Subject: Account activation
Mime-Version: 1.0
Content-Type: multipart/alternative;
 boundary="--==_mimepart_56deb9bb1c0ad_7c823fb3d57aa3f0166c0";
 charset=UTF-8
Content-Transfer-Encoding: 7bit


----==_mimepart_56deb9bb1c0ad_7c823fb3d57aa3f0166c0
Content-Type: text/plain;
 charset=UTF-8
Content-Transfer-Encoding: 7bit

Hi arvind,

Welcome to the Rails Tutorial  Click on the link below to activate your account:

http://localhost:3000/account_activations/vJ5yNtYQyXtP94REq2UYcQ/edit?email=arvind%40gmail.com

----==_mimepart_56deb9bb1c0ad_7c823fb3d57aa3f0166c0
Content-Type: text/html;
 charset=UTF-8
Content-Transfer-Encoding: 7bit

<html>
  <body>
    <h1>Rails Tutorial</h1>

<p>Hi arvind,</p>

<p>
Welcome to the  Click on Rails Tutorial link below to activate your account:
</p>

<a href="http://localhost:3000/account_activations/vJ5yNtYQyXtP94REq2UYcQ/edit?email=arvind%40gmail.com">Activate</a>

  </body>
</html>

----==_mimepart_56deb9bb1c0ad_7c823fb3d57aa3f0166c0--

Redirected to http://localhost:3000/login
Completed 302 Found in 380ms (ActiveRecord: 52.3ms)


Started GET "/login" for 127.0.0.1 at 2016-03-08 17:08:35 +0530
Processing by SessionsController#new as HTML
  Rendered sessions/new.html.erb within layouts/application (0.8ms)
  Rendered layouts/_shim.html.erb (0.0ms)
  [1m[35mUser Load (0.2ms)[0m  SELECT  `users`.* FROM `users` WHERE `users`.`id` = 9 LIMIT 1
  Rendered layouts/_header.html.erb (0.8ms)
  Rendered layouts/_footer.html.erb (0.0ms)
Completed 200 OK in 32ms (Views: 31.0ms | ActiveRecord: 0.2ms)


Started POST "/login" for 127.0.0.1 at 2016-03-08 17:08:41 +0530
Processing by SessionsController#create as HTML
  Parameters: {"utf8"=>"✓", "authenticity_token"=>"IWx1kXjxoub5qP6cVo3u2rQhlcO73ALOucwNVwRR9WTGzGakc8DMwYz8+5QLAr0EeW63oDPARNzCudVnjUHzNA==", "session"=>{"email"=>"arvind@gmail.com", "password"=>"[FILTERED]"}, "commit"=>"Sign in"}
  [1m[36mUser Load (0.4ms)[0m  [1mSELECT  `users`.* FROM `users` WHERE `users`.`email` = 'arvind@gmail.com' LIMIT 1[0m
Redirected to http://localhost:3000/
Completed 302 Found in 63ms (ActiveRecord: 0.4ms)


Started GET "/" for 127.0.0.1 at 2016-03-08 17:08:41 +0530
Processing by HomeController#index as HTML
  [1m[35mPost Load (0.2ms)[0m  SELECT  `posts`.* FROM `posts`  ORDER BY created_at DESC LIMIT 10 OFFSET 0
  Rendered home/index.html.erb within layouts/application (0.7ms)
  Rendered layouts/_shim.html.erb (0.0ms)
  [1m[36mUser Load (0.2ms)[0m  [1mSELECT  `users`.* FROM `users` WHERE `users`.`id` = 1 LIMIT 1[0m
  Rendered layouts/_header.html.erb (1.2ms)
  Rendered layouts/_footer.html.erb (0.0ms)
Completed 200 OK in 40ms (Views: 38.5ms | ActiveRecord: 0.4ms)
